<?xml version="1.0" encoding="UTF-8"?>
<testsuites>
  <testsuite name="Pbmedia\Jwt\Test\TokenServiceTest" file="/Users/pascalbaljet/Sites/laravel-jwt/vendor/pascalbaljetmedia/laravel-jwt/tests/TokenServiceTest.php" tests="4" assertions="5" failures="0" errors="0" time="0.028952">
    <testcase name="testGenerateHashForUser" class="Pbmedia\Jwt\Test\TokenServiceTest" file="/Users/pascalbaljet/Sites/laravel-jwt/vendor/pascalbaljetmedia/laravel-jwt/tests/TokenServiceTest.php" line="24" assertions="2" time="0.021160"/>
    <testcase name="testGenerateTokenForUser" class="Pbmedia\Jwt\Test\TokenServiceTest" file="/Users/pascalbaljet/Sites/laravel-jwt/vendor/pascalbaljetmedia/laravel-jwt/tests/TokenServiceTest.php" line="37" assertions="1" time="0.004327"/>
    <testcase name="testFindUserByTokenOrFail" class="Pbmedia\Jwt\Test\TokenServiceTest" file="/Users/pascalbaljet/Sites/laravel-jwt/vendor/pascalbaljetmedia/laravel-jwt/tests/TokenServiceTest.php" line="58" assertions="1" time="0.001985"/>
    <testcase name="testInvalidToken" class="Pbmedia\Jwt\Test\TokenServiceTest" file="/Users/pascalbaljet/Sites/laravel-jwt/vendor/pascalbaljetmedia/laravel-jwt/tests/TokenServiceTest.php" line="70" assertions="1" time="0.001480"/>
  </testsuite>
</testsuites>
